<?xml version="1.0" encoding="UTF-8"?>
<testsuite xmlns:xsi="http://www.w3.org/2001/XMLSchema-instance" xsi:noNamespaceSchemaLocation="https://maven.apache.org/surefire/maven-surefire-plugin/xsd/surefire-test-report.xsd" name="alpaca.alpaca.AppTest" time="0.063" tests="1" errors="0" skipped="0" failures="0">
  <properties>
    <property name="java.specification.version" value="17"/>
    <property name="sun.cpu.isalist" value="amd64"/>
    <property name="sun.jnu.encoding" value="Cp1252"/>
    <property name="java.class.path" value="C:\Users\Cozmin\eclipse-workspace\alpaca\alpaca\target\test-classes;C:\Users\Cozmin\eclipse-workspace\alpaca\alpaca\target\classes;C:\Users\Cozmin\.m2\repository\junit\junit\4.11\junit-4.11.jar;C:\Users\Cozmin\.m2\repository\org\hamcrest\hamcrest-core\1.3\hamcrest-core-1.3.jar;C:\Users\Cozmin\.m2\repository\de\gurkenlabs\litiengine\0.5.1\litiengine-0.5.1.jar;C:\Users\Cozmin\.m2\repository\net\java\jinput\jinput\2.0.9\jinput-2.0.9.jar;C:\Users\Cozmin\.m2\repository\net\java\jinput\jinput\2.0.9\jinput-2.0.9-natives-all.jar;C:\Users\Cozmin\.m2\repository\com\googlecode\soundlibs\jorbis\0.0.17.4\jorbis-0.0.17.4.jar;C:\Users\Cozmin\.m2\repository\com\googlecode\soundlibs\tritonus-share\0.3.7.4\tritonus-share-0.3.7.4.jar;C:\Users\Cozmin\.m2\repository\com\googlecode\soundlibs\vorbisspi\1.0.3.3\vorbisspi-1.0.3.3.jar;C:\Users\Cozmin\.m2\repository\com\googlecode\soundlibs\mp3spi\1.9.5.4\mp3spi-1.9.5.4.jar;C:\Users\Cozmin\.m2\repository\com\googlecode\soundlibs\jlayer\1.0.1.4\jlayer-1.0.1.4.jar;C:\Users\Cozmin\.m2\repository\com\code-disaster\steamworks4j\steamworks4j\1.8.0\steamworks4j-1.8.0.jar;C:\Users\Cozmin\.m2\repository\javax\activation\javax.activation-api\1.2.0\javax.activation-api-1.2.0.jar;C:\Users\Cozmin\.m2\repository\javax\xml\bind\jaxb-api\2.4.0-b180830.0359\jaxb-api-2.4.0-b180830.0359.jar;C:\Users\Cozmin\.m2\repository\com\sun\xml\bind\jaxb-core\2.3.0.1\jaxb-core-2.3.0.1.jar;C:\Users\Cozmin\.m2\repository\com\sun\xml\bind\jaxb-impl\2.3.2\jaxb-impl-2.3.2.jar;"/>
    <property name="java.vm.vendor" value="Eclipse Adoptium"/>
    <property name="sun.arch.data.model" value="64"/>
    <property name="user.variant" value=""/>
    <property name="java.vendor.url" value="https://adoptium.net/"/>
    <property name="user.timezone" value="Europe/Bucharest"/>
    <property name="os.name" value="Windows 11"/>
    <property name="java.vm.specification.version" value="17"/>
    <property name="sun.java.launcher" value="SUN_STANDARD"/>
    <property name="user.country" value="US"/>
    <property name="sun.boot.library.path" value="C:\Users\Cozmin\.p2\pool\plugins\org.eclipse.justj.openjdk.hotspot.jre.full.win32.x86_64_17.0.5.v20221102-0933\jre\bin"/>
    <property name="sun.java.command" value="C:\Users\Cozmin\AppData\Local\Temp\surefire12393601230848046019\surefirebooter1808437532950537073.jar C:\Users\Cozmin\AppData\Local\Temp\surefire12393601230848046019 2023-03-30T15-11-41_961-jvmRun1 surefire2447566236037008772tmp surefire_02458496191167583167tmp"/>
    <property name="jdk.debug" value="release"/>
    <property name="surefire.test.class.path" value="C:\Users\Cozmin\eclipse-workspace\alpaca\alpaca\target\test-classes;C:\Users\Cozmin\eclipse-workspace\alpaca\alpaca\target\classes;C:\Users\Cozmin\.m2\repository\junit\junit\4.11\junit-4.11.jar;C:\Users\Cozmin\.m2\repository\org\hamcrest\hamcrest-core\1.3\hamcrest-core-1.3.jar;C:\Users\Cozmin\.m2\repository\de\gurkenlabs\litiengine\0.5.1\litiengine-0.5.1.jar;C:\Users\Cozmin\.m2\repository\net\java\jinput\jinput\2.0.9\jinput-2.0.9.jar;C:\Users\Cozmin\.m2\repository\net\java\jinput\jinput\2.0.9\jinput-2.0.9-natives-all.jar;C:\Users\Cozmin\.m2\repository\com\googlecode\soundlibs\jorbis\0.0.17.4\jorbis-0.0.17.4.jar;C:\Users\Cozmin\.m2\repository\com\googlecode\soundlibs\tritonus-share\0.3.7.4\tritonus-share-0.3.7.4.jar;C:\Users\Cozmin\.m2\repository\com\googlecode\soundlibs\vorbisspi\1.0.3.3\vorbisspi-1.0.3.3.jar;C:\Users\Cozmin\.m2\repository\com\googlecode\soundlibs\mp3spi\1.9.5.4\mp3spi-1.9.5.4.jar;C:\Users\Cozmin\.m2\repository\com\googlecode\soundlibs\jlayer\1.0.1.4\jlayer-1.0.1.4.jar;C:\Users\Cozmin\.m2\repository\com\code-disaster\steamworks4j\steamworks4j\1.8.0\steamworks4j-1.8.0.jar;C:\Users\Cozmin\.m2\repository\javax\activation\javax.activation-api\1.2.0\javax.activation-api-1.2.0.jar;C:\Users\Cozmin\.m2\repository\javax\xml\bind\jaxb-api\2.4.0-b180830.0359\jaxb-api-2.4.0-b180830.0359.jar;C:\Users\Cozmin\.m2\repository\com\sun\xml\bind\jaxb-core\2.3.0.1\jaxb-core-2.3.0.1.jar;C:\Users\Cozmin\.m2\repository\com\sun\xml\bind\jaxb-impl\2.3.2\jaxb-impl-2.3.2.jar;"/>
    <property name="sun.cpu.endian" value="little"/>
    <property name="user.home" value="C:\Users\Cozmin"/>
    <property name="user.language" value="en"/>
    <property name="java.specification.vendor" value="Oracle Corporation"/>
    <property name="java.version.date" value="2022-10-18"/>
    <property name="java.home" value="C:\Users\Cozmin\.p2\pool\plugins\org.eclipse.justj.openjdk.hotspot.jre.full.win32.x86_64_17.0.5.v20221102-0933\jre"/>
    <property name="file.separator" value="\"/>
    <property name="style.color" value="always"/>
    <property name="basedir" value="C:\Users\Cozmin\eclipse-workspace\alpaca\alpaca"/>
    <property name="java.vm.compressedOopsMode" value="Zero based"/>
    <property name="line.separator" value="&#10;"/>
    <property name="java.vm.specification.vendor" value="Oracle Corporation"/>
    <property name="java.specification.name" value="Java Platform API Specification"/>
    <property name="surefire.real.class.path" value="C:\Users\Cozmin\AppData\Local\Temp\surefire12393601230848046019\surefirebooter1808437532950537073.jar"/>
    <property name="user.script" value=""/>
    <property name="sun.management.compiler" value="HotSpot 64-Bit Tiered Compilers"/>
    <property name="java.runtime.version" value="17.0.5+8"/>
    <property name="user.name" value="Cozmin"/>
    <property name="path.separator" value=";"/>
    <property name="os.version" value="10.0"/>
    <property name="java.runtime.name" value="OpenJDK Runtime Environment"/>
    <property name="file.encoding" value="Cp1252"/>
    <property name="java.vm.name" value="OpenJDK 64-Bit Server VM"/>
    <property name="java.vendor.version" value="Temurin-17.0.5+8"/>
    <property name="localRepository" value="C:\Users\Cozmin\.m2\repository"/>
    <property name="java.vendor.url.bug" value="https://github.com/adoptium/adoptium-support/issues"/>
    <property name="java.io.tmpdir" value="C:\Users\Cozmin\AppData\Local\Temp\"/>
    <property name="java.version" value="17.0.5"/>
    <property name="user.dir" value="C:\Users\Cozmin\eclipse-workspace\alpaca\alpaca"/>
    <property name="os.arch" value="amd64"/>
    <property name="java.vm.specification.name" value="Java Virtual Machine Specification"/>
    <property name="sun.os.patch.level" value=""/>
    <property name="native.encoding" value="Cp1252"/>
    <property name="java.library.path" value="C:\Users\Cozmin\.p2\pool\plugins\org.eclipse.justj.openjdk.hotspot.jre.full.win32.x86_64_17.0.5.v20221102-0933\jre\bin;C:\WINDOWS\Sun\Java\bin;C:\WINDOWS\system32;C:\WINDOWS;C:/Users/Cozmin/.p2/pool/plugins/org.eclipse.justj.openjdk.hotspot.jre.full.win32.x86_64_17.0.5.v20221102-0933/jre/bin/server;C:/Users/Cozmin/.p2/pool/plugins/org.eclipse.justj.openjdk.hotspot.jre.full.win32.x86_64_17.0.5.v20221102-0933/jre/bin;C:\Program Files (x86)\Common Files\Oracle\Java\javapath;C:\Windows\system32;C:\Windows\System32\Wbem;C:\Windows\System32\WindowsPowerShell\v1.0\;C:\Windows\System32\OpenSSH\;C:\Users\Cozmin\Desktop\orcad_17_2\tools\pcb\bin;C:\Users\Cozmin\Desktop\orcad_17_2\tools\fet\bin;C:\Users\Cozmin\Desktop\orcad_17_2\tools\specctra\bin;C:\Users\Cozmin\Desktop\orcad_17_2\tools\PSpice;C:\Users\Cozmin\Desktop\orcad_17_2\tools\PSpice\Library;C:\Users\Cozmin\Desktop\orcad_17_2\tools\Capture;C:\Users\Cozmin\Desktop\orcad_17_2\tools\bin;C:\Program Files\NVIDIA Corporation\NVIDIA NvDLISR;C:\Program Files\Microsoft SQL Server\130\Tools\Binn\;C:\WINDOWS\system32;C:\WINDOWS;C:\WINDOWS\System32\Wbem;C:\WINDOWS\System32\WindowsPowerShell\v1.0\;C:\WINDOWS\System32\OpenSSH\;C:\Program Files\MATLAB\R2021b\bin;C:\Program Files\dotnet\;C:\Program Files\Git\cmd;C:\Users\Cozmin\AppData\Local\Microsoft\WindowsApps;D:\New folder\Microsoft VS Code\bin;C:\Users\Cozmin\AppData\Local\Programs\Microsoft VS Code\bin;%USERPROFILE%\AppData\Local\Microsoft\WindowsApps;;C:\Users\Cozmin\Desktop;;."/>
    <property name="java.vm.info" value="mixed mode"/>
    <property name="java.vendor" value="Eclipse Adoptium"/>
    <property name="java.vm.version" value="17.0.5+8"/>
    <property name="sun.io.unicode.encoding" value="UnicodeLittle"/>
    <property name="java.class.version" value="61.0"/>
  </properties>
  <testcase name="shouldAnswerWithTrue" classname="alpaca.alpaca.AppTest" time="0"/>
</testsuite>